# JRE version: Java(TM) SE Runtime Environment 18.9 (11.0.16.1+1) (build 11.0.16.1+1-LTS-1)
# Java VM: Java HotSpot(TM) 64-Bit Server VM 18.9 (11.0.16.1+1-LTS-1, mixed mode, tiered, compressed oops, g1 gc, windows-amd64)
Heap:
 garbage-first heap   total 524288K, used 50342K [0x0000000601000000, 0x0000000800000000)
  region size 2048K, 14 young (28672K), 2 survivors (4096K)
 Metaspace       used 44970K, capacity 45440K, committed 45648K, reserved 1095680K
  class space    used 5343K, capacity 5577K, committed 5632K, reserved 1048576K
GC Heap History (8 events):
Event: 0.314 GC heap before
{Heap before GC invocations=0 (full 0):
 garbage-first heap   total 524288K, used 26624K [0x0000000601000000, 0x0000000800000000)
  region size 2048K, 12 young (24576K), 0 survivors (0K)
 Metaspace       used 11381K, capacity 11504K, committed 11648K, reserved 1060864K
  class space    used 1051K, capacity 1109K, committed 1152K, reserved 1048576K
}
Event: 0.316 GC heap after
{Heap after GC invocations=1 (full 0):
 garbage-first heap   total 524288K, used 6770K [0x0000000601000000, 0x0000000800000000)
  region size 2048K, 2 young (4096K), 2 survivors (4096K)
 Metaspace       used 11381K, capacity 11504K, committed 11648K, reserved 1060864K
  class space    used 1051K, capacity 1109K, committed 1152K, reserved 1048576K
}
Event: 0.682 GC heap before
{Heap before GC invocations=1 (full 0):
 garbage-first heap   total 524288K, used 45682K [0x0000000601000000, 0x0000000800000000)
  region size 2048K, 22 young (45056K), 2 survivors (4096K)
 Metaspace       used 20918K, capacity 21115K, committed 21296K, reserved 1069056K
  class space    used 2232K, capacity 2344K, committed 2432K, reserved 1048576K
}
Event: 0.686 GC heap after
{Heap after GC invocations=2 (full 0):
 garbage-first heap   total 524288K, used 10378K [0x0000000601000000, 0x0000000800000000)
  region size 2048K, 4 young (8192K), 4 survivors (8192K)
 Metaspace       used 20918K, capacity 21115K, committed 21296K, reserved 1069056K
  class space    used 2232K, capacity 2344K, committed 2432K, reserved 1048576K
}
Event: 1.417 GC heap before
{Heap before GC invocations=3 (full 0):
 garbage-first heap   total 524288K, used 82058K [0x0000000601000000, 0x0000000800000000)
  region size 2048K, 37 young (75776K), 4 survivors (8192K)
 Metaspace       used 35371K, capacity 35745K, committed 35920K, reserved 1081344K
  class space    used 4376K, capacity 4570K, committed 4608K, reserved 1048576K
}
Event: 1.423 GC heap after
{Heap after GC invocations=4 (full 0):
 garbage-first heap   total 524288K, used 24157K [0x0000000601000000, 0x0000000800000000)
  region size 2048K, 5 young (10240K), 5 survivors (10240K)
 Metaspace       used 35371K, capacity 35745K, committed 35920K, reserved 1081344K
  class space    used 4376K, capacity 4570K, committed 4608K, reserved 1048576K
}
Event: 1.606 GC heap before
{Heap before GC invocations=5 (full 0):
 garbage-first heap   total 524288K, used 50781K [0x0000000601000000, 0x0000000800000000)
  region size 2048K, 18 young (36864K), 5 survivors (10240K)
 Metaspace       used 40054K, capacity 40480K, committed 40784K, reserved 1085440K
  class space    used 4812K, capacity 4995K, committed 5120K, reserved 1048576K
}
Event: 1.611 GC heap after
{Heap after GC invocations=6 (full 0):
 garbage-first heap   total 524288K, used 27814K [0x0000000601000000, 0x0000000800000000)
  region size 2048K, 2 young (4096K), 2 survivors (4096K)
 Metaspace       used 40054K, capacity 40480K, committed 40784K, reserved 1085440K
  class space    used 4812K, capacity 4995K, committed 5120K, reserved 1048576K
}

